"../../../Engine/Content/BasicShapes/BasicShapeMaterial.uasset" 0
"../../../Engine/Content/Functions/Engine_MaterialFunctions01/Opacity/CameraDepthFade.uasset" 1
"../../../Engine/Content/EngineMaterials/T_Default_Material_Grid_M.uasset" 2
"../../../Engine/Content/EngineMaterials/T_Default_Material_Grid_N.uasset" 3
"../../../Engine/Content/EngineMaterials/WorldGridMaterial.uasset" 4
"../../../Engine/Content/BasicShapes/Cube.uasset" 5
"../../../../../../Users/ununh/Documents/Unreal Projects/OneStickSummoner/Content/Test/ChildCast/BP_Father_CastTest.uasset" 6
"../../../../../../Users/ununh/Documents/Unreal Projects/OneStickSummoner/Content/Test/ChildCast/BP_Child1_CastTest.uasset" 7
"../../../../../../Users/ununh/Documents/Unreal Projects/OneStickSummoner/Content/Blueprints/BP_Child1_CastTest.uasset" 8
"../../../../../../Users/ununh/Documents/Unreal Projects/OneStickSummoner/Content/Test/ChildCast/BP_Child2_CastTest.uasset" 9
"../../../../../../Users/ununh/Documents/Unreal Projects/OneStickSummoner/Content/Blueprints/BP_Child2_CastTest.uasset" 10
"../../../../../../Users/ununh/Documents/Unreal Projects/OneStickSummoner/Content/Blueprints/BP_EnemyCharger.uasset" 11
"../../../../../../Users/ununh/Documents/Unreal Projects/OneStickSummoner/Content/Blueprints/BP_EnemyTurret.uasset" 12
"../../../../../../Users/ununh/Documents/Unreal Projects/OneStickSummoner/Content/Blueprints/BP_Father_CastTest.uasset" 13
"../../../../../../Users/ununh/Documents/Unreal Projects/OneStickSummoner/Content/Blueprints/BP_Gameplay/AIInterface.uasset" 14
"../../../../../../Users/ununh/Documents/Unreal Projects/OneStickSummoner/Content/Blueprints/BP_Gameplay/BP_Minions/MinionBase/AI/BB_Minion.uasset" 15
"../../../../../../Users/ununh/Documents/Unreal Projects/OneStickSummoner/Content/Blueprints/BP_Gameplay/BP_Minions/MinionBase/AI/GoToPlayer_Minion.uasset" 16
"../../../../../../Users/ununh/Documents/Unreal Projects/OneStickSummoner/Content/Blueprints/BP_Gameplay/BP_Minions/MinionBase/AI/BT_Minion.uasset" 17
"../../../../../../Users/ununh/Documents/Unreal Projects/OneStickSummoner/Content/Blueprints/BP_Gameplay/BP_Minions/MinionBase/AI/AI_Minion.uasset" 18
"../../../../../../Users/ununh/Documents/Unreal Projects/OneStickSummoner/Content/TwinStick/Meshes/BaseMaterial.uasset" 19
"../../../../../../Users/ununh/Documents/Unreal Projects/OneStickSummoner/Content/TwinStick/Meshes/BlueMaterial.uasset" 20
"../../../../../../Users/ununh/Documents/Unreal Projects/OneStickSummoner/Content/Blueprints/BP_Gameplay/BP_Minions/MinionBase/BP_Minion.uasset" 21
"../../../../../../Users/ununh/Documents/Unreal Projects/OneStickSummoner/Content/Blueprints/BP_Gameplay/BP_Minions/AttackMinion/AI/BB_AttackMinion.uasset" 22
"../../../../../../Users/ununh/Documents/Unreal Projects/OneStickSummoner/Content/Blueprints/BP_Gameplay/BP_Enemies/AttackEnemy/AI/CalculateGetCloserDistance.uasset" 23
"../../../../../../Users/ununh/Documents/Unreal Projects/OneStickSummoner/Content/Blueprints/BP_Gameplay/BP_Minions/AttackMinion/AI/Attack_AIInterface.uasset" 24
"../../../../../../Users/ununh/Documents/Unreal Projects/OneStickSummoner/Content/Blueprints/BP_Gameplay/BP_Minions/AttackMinion/AI/CheckIfActorExists.uasset" 25
"../../../../../../Users/ununh/Documents/Unreal Projects/OneStickSummoner/Content/Blueprints/BP_Gameplay/BP_Minions/AttackMinion/AI/DistanceFromPlayer.uasset" 26
"../../../../../../Users/ununh/Documents/Unreal Projects/OneStickSummoner/Content/Blueprints/BP_Gameplay/BP_Minions/AttackMinion/AI/GoToActor.uasset" 27
"../../../../../../Users/ununh/Documents/Unreal Projects/OneStickSummoner/Content/Blueprints/BP_Gameplay/BP_Minions/AttackMinion/AI/IsInAttackRange.uasset" 28
"../../../../../../Users/ununh/Documents/Unreal Projects/OneStickSummoner/Content/Blueprints/BP_Gameplay/BP_Minions/AttackMinion/AI/TeleportToPlayer.uasset" 29
"../../../../../../Users/ununh/Documents/Unreal Projects/OneStickSummoner/Content/Blueprints/BP_Gameplay/BP_Minions/AttackMinion/AI/BT_AttackMinion.uasset" 30
"../../../Engine/Content/EditorBlueprintResources/StandardMacros.uasset" 31
"../../../../../../Users/ununh/Documents/Unreal Projects/OneStickSummoner/Content/Blueprints/BP_Gameplay/BP_Minions/AttackMinion/AI/AI_AttackMinion.uasset" 32
"../../../../../../Users/ununh/Documents/Unreal Projects/OneStickSummoner/Content/Blueprints/BP_Gameplay/BP_Minions/AttackMinion/BP_AttackMinion.uasset" 33
"../../../../../../Users/ununh/Documents/Unreal Projects/OneStickSummoner/Content/Blueprints/BP_Gameplay/BP_Minions/AttackMinion/BP_ChargeMinion.uasset" 34
"../../../../../../Users/ununh/Documents/Unreal Projects/OneStickSummoner/Content/TwinStick/Meshes/OrangeMaterial.uasset" 35
"../../../../../../Users/ununh/Documents/Unreal Projects/OneStickSummoner/Content/TwinStick/Meshes/TwinStickProjectile.uasset" 36
"../../../../../../Users/ununh/Documents/Unreal Projects/OneStickSummoner/Content/Blueprints/BP_Gameplay/BP_Projectiles/BP_FriendlyProjectile.uasset" 37
"../../../../../../Users/ununh/Documents/Unreal Projects/OneStickSummoner/Content/Blueprints/BP_Gameplay/BP_Minions/AttackMinion/BP_RangeMinion.uasset" 38
"../../../../../../Users/ununh/Documents/Unreal Projects/OneStickSummoner/Content/Blueprints/BP_GameInstance/BP_GameInstance.uasset" 39
"../../../../../../Users/ununh/Documents/Unreal Projects/OneStickSummoner/Content/Blueprints/BP_Gameplay/BP_Enemies/BaseEnemy/AI/BB_Enemy.uasset" 40
"../../../../../../Users/ununh/Documents/Unreal Projects/OneStickSummoner/Content/Blueprints/BP_Gameplay/BP_Enemies/BaseEnemy/AI/ChangeSpeed_Enemy.uasset" 41
"../../../../../../Users/ununh/Documents/Unreal Projects/OneStickSummoner/Content/Blueprints/BP_Gameplay/BP_Enemies/BaseEnemy/AI/Roam_Enemy.uasset" 42
"../../../../../../Users/ununh/Documents/Unreal Projects/OneStickSummoner/Content/Blueprints/BP_Gameplay/BP_Enemies/BaseEnemy/AI/BT_Enemy.uasset" 43
"../../../../../../Users/ununh/Documents/Unreal Projects/OneStickSummoner/Content/Blueprints/BP_Gameplay/BP_Enemies/BaseEnemy/AI/AI_Enemy.uasset" 44
"../../../../../../Users/ununh/Documents/Unreal Projects/OneStickSummoner/Content/Blueprints/BP_Gameplay/BP_Enemies/BaseEnemy/BP_Enemy.uasset" 45
"../../../../../../Users/ununh/Documents/Unreal Projects/OneStickSummoner/Content/Blueprints/BP_Gameplay/BP_Enemies/AttackEnemy/AI/BB_AttackEnemy.uasset" 46
"../../../../../../Users/ununh/Documents/Unreal Projects/OneStickSummoner/Content/Blueprints/BP_Gameplay/BP_Enemies/AttackEnemy/AI/RunAwayFromActor.uasset" 47
"../../../../../../Users/ununh/Documents/Unreal Projects/OneStickSummoner/Content/Blueprints/BP_Gameplay/BP_Enemies/AttackEnemy/AI/BT_AttackEnemy.uasset" 48
"../../../../../../Users/ununh/Documents/Unreal Projects/OneStickSummoner/Content/Blueprints/BP_Gameplay/BP_Enemies/AttackEnemy/AI/AI_AttackEnemy.uasset" 49
"../../../../../../Users/ununh/Documents/Unreal Projects/OneStickSummoner/Content/Blueprints/BP_Gameplay/BP_Enemies/AttackEnemy/BP_AttackEnemy.uasset" 50
"../../../../../../Users/ununh/Documents/Unreal Projects/OneStickSummoner/Content/Blueprints/BP_Gameplay/BP_Enemies/AttackEnemy/BP_ChargeEnemy.uasset" 51
"../../../../../../Users/ununh/Documents/Unreal Projects/OneStickSummoner/Content/Blueprints/BP_Gameplay/BP_Projectiles/BP_EnemyProjectile.uasset" 52
"../../../../../../Users/ununh/Documents/Unreal Projects/OneStickSummoner/Content/Blueprints/BP_Gameplay/BP_Enemies/AttackEnemy/BP_RangeEnemy.uasset" 53
"../../../../../../Users/ununh/Documents/Unreal Projects/OneStickSummoner/Content/Blueprints/BP_Gameplay/BP_Inventory/Interface_Interact.uasset" 54
"../../../../../../Users/ununh/Documents/Unreal Projects/OneStickSummoner/Content/Blueprints/BP_Gameplay/BP_Inventory/BP_Items/BP_Item.uasset" 55
"../../../../../../Users/ununh/Documents/Unreal Projects/OneStickSummoner/Content/Blueprints/BP_Gameplay/BP_Inventory/ItemStructure.uasset" 56
"../../../../../../Users/ununh/Documents/Unreal Projects/OneStickSummoner/Content/Blueprints/BP_Gameplay/BP_Inventory/SlotStructure.uasset" 57
"../../../../../../Users/ununh/Documents/Unreal Projects/OneStickSummoner/Content/Blueprints/BP_Gameplay/BP_Inventory/BP_InventoryComponent.uasset" 58
"../../../../../../Users/ununh/Documents/Unreal Projects/OneStickSummoner/Content/Blueprints/BP_Gameplay/BP_Player/Material.uasset" 59
"../../../../../../Users/ununh/Documents/Unreal Projects/OneStickSummoner/Content/Blueprints/BP_Gameplay/BP_Player/Material_001.uasset" 60
"../../../../../../Users/ununh/Documents/Unreal Projects/OneStickSummoner/Content/Blueprints/BP_Gameplay/BP_Player/player_model_basic__4_.uasset" 61
"../../../Engine/Content/EngineFonts/Faces/DroidSansMono.uasset" 62
"../../../Engine/Content/EngineFonts/DroidSansMono.uasset" 63
"../../../../../../Users/ununh/Documents/Unreal Projects/OneStickSummoner/Content/Blueprints/BP_Widgets/WB_DevMenu.uasset" 64
"../../../../../../Users/ununh/Documents/Unreal Projects/OneStickSummoner/Content/TwinStick/Audio/TwinStickFire.uasset" 65
"../../../../../../Users/ununh/Documents/Unreal Projects/OneStickSummoner/Content/Blueprints/BP_Gameplay/BP_Player/TwinStickPawn.uasset" 66
"../../../../../../Users/ununh/Documents/Unreal Projects/OneStickSummoner/Content/Test/Damage/BP_Test_Damage.uasset" 67
"../../../../../../Users/ununh/Documents/Unreal Projects/OneStickSummoner/Content/Blueprints/BP_Test_damage.uasset" 68
"../../../../../../Users/ununh/Documents/Unreal Projects/OneStickSummoner/Content/Blueprints/BP_Gameplay/MinionInterface.uasset" 69
"../../../../../../Users/ununh/Documents/Unreal Projects/OneStickSummoner/Content/Blueprints/BP_Gameplay/CombatInterface.uasset" 70
"../../../../../../Users/ununh/Documents/Unreal Projects/OneStickSummoner/Content/Blueprints/BP_Gameplay/BP_Minions/AttackMinion/BP_ChargerMinion.uasset" 71
"../../../../../../Users/ununh/Documents/Unreal Projects/OneStickSummoner/Content/Blueprints/BP_Gameplay/BP_Minions/AttackMinion/AI/Attack_AttackMinion.uasset" 72
"../../../../../../Users/ununh/Documents/Unreal Projects/OneStickSummoner/Content/Blueprints/BP_Gameplay/BP_Minions/AttackMinion/AI/CheckIfEnemyExists_AttackMinion.uasset" 73
"../../../../../../Users/ununh/Documents/Unreal Projects/OneStickSummoner/Content/Blueprints/BP_Gameplay/BP_Minions/AttackMinion/AI/GoToEnemy_AttackMinion.uasset" 74
"../../../../../../Users/ununh/Documents/Unreal Projects/OneStickSummoner/Content/Blueprints/BP_Gameplay/BP_Minions/AttackMinion/AI/IsInAttackRange_AttackMinion.uasset" 75
"../../../../../../Users/ununh/Documents/Unreal Projects/OneStickSummoner/Content/Blueprints/BP_Gameplay/BP_Minions/Charger/AI/BB_MinionCharger.uasset" 76
"../../../../../../Users/ununh/Documents/Unreal Projects/OneStickSummoner/Content/Blueprints/BP_Gameplay/BP_Minions/Charger/AI/CheckIfEnemyExists.uasset" 77
"../../../../../../Users/ununh/Documents/Unreal Projects/OneStickSummoner/Content/Blueprints/BP_Gameplay/BP_Minions/Charger/AI/GoToEnemy.uasset" 78
"../../../../../../Users/ununh/Documents/Unreal Projects/OneStickSummoner/Content/Blueprints/BP_Gameplay/BP_Minions/Charger/AI/GoToPlayer.uasset" 79
"../../../../../../Users/ununh/Documents/Unreal Projects/OneStickSummoner/Content/Blueprints/BP_Gameplay/BP_Minions/Charger/AI/IsInMeleeRange.uasset" 80
"../../../../../../Users/ununh/Documents/Unreal Projects/OneStickSummoner/Content/Blueprints/BP_Gameplay/BP_Minions/Charger/AI/MeleeAttack.uasset" 81
"../../../../../../Users/ununh/Documents/Unreal Projects/OneStickSummoner/Content/Blueprints/BP_Gameplay/BP_Minions/Charger/AI/BT_MinionCharger.uasset" 82
"../../../../../../Users/ununh/Documents/Unreal Projects/OneStickSummoner/Content/Blueprints/BP_Gameplay/BP_Minions/Charger/AI/AI_MinionCharger.uasset" 83
"../../../../../../Users/ununh/Documents/Unreal Projects/OneStickSummoner/Content/TwinStickBP/Blueprints/TwinStickPawn.uasset" 84
"../../../../../../Users/ununh/Documents/Unreal Projects/OneStickSummoner/Content/Blueprints/BP_Gameplay/BP_Minions/Charger/BP_MinionCharger_2.uasset" 85
"../../../../../../Users/ununh/Documents/Unreal Projects/OneStickSummoner/Content/Blueprints/BP_Gameplay/BP_Minions/Charger/BP_MinionCharger.uasset" 86
"../../../../../../Users/ununh/Documents/Unreal Projects/OneStickSummoner/Content/Blueprints/BP_Gameplay/BP_Minions/Charger/AI/FingEnemyLocation.uasset" 87
"../../../../../../Users/ununh/Documents/Unreal Projects/OneStickSummoner/Content/Blueprints/BP_Gameplay/BP_Minions/Charger/AI/IsEnemyAlive.uasset" 88
"../../../../../../Users/ununh/Documents/Unreal Projects/OneStickSummoner/Content/Blueprints/BP_Widgets/BossKull.uasset" 89
"../../../../../../Users/ununh/Documents/Unreal Projects/OneStickSummoner/Content/Blueprints/BP_Widgets/BossKull_Mat.uasset" 90
"../../../../../../Users/ununh/Documents/Unreal Projects/OneStickSummoner/Content/Blueprints/BP_Widgets/WB_Options.uasset" 91
"../../../../../../Users/ununh/Documents/Unreal Projects/OneStickSummoner/Content/Blueprints/BP_Widgets/Inventory/InventorySlot.uasset" 92
"../../../../../../Users/ununh/Documents/Unreal Projects/OneStickSummoner/Content/Blueprints/BP_Widgets/Inventory/InventoryWindow.uasset" 93
"../../../../../../Users/ununh/Documents/Unreal Projects/OneStickSummoner/Content/Geometry/Meshes/CubeMaterial.uasset" 94
"../../../../../../Users/ununh/Documents/Unreal Projects/OneStickSummoner/Content/Geometry/Meshes/1M_Cube_Chamfer.uasset" 95
"../../../Engine/Content/EngineMaterials/BaseFlattenDiffuseMap.uasset" 96
"../../../Engine/Content/EngineMaterials/BaseFlattenEmissiveMap.uasset" 97
"../../../Engine/Content/EngineMaterials/BaseFlattenGrayscaleMap.uasset" 98
"../../../Engine/Content/EngineMaterials/BaseFlattenNormalMap.uasset" 99
"../../../Engine/Content/EngineMaterials/NewBaseFlattenMaterial.uasset" 100
"../../../../../../Users/ununh/Documents/Unreal Projects/OneStickSummoner/Content/Geometry/Meshes/M_1M_Cube_Cracked_Beach_Rock_2x2_M_00_inst_B52501FE41468A6FB9606AB7DDD4DFC1.uasset" 101
"../../../../../../Users/ununh/Documents/Unreal Projects/OneStickSummoner/Content/Geometry/Meshes/TemplateFloor.uasset" 102
"../../../../../../Users/ununh/Documents/Unreal Projects/OneStickSummoner/Content/Materials/MAT_Custom_Depth_Draw.uasset" 103
"../../../../../../Users/ununh/Documents/Unreal Projects/OneStickSummoner/Content/Materials/MAT_Custom_Depth_Draw_Inst.uasset" 104
"../../../Engine/Content/Functions/Engine_MaterialFunctions01/Texturing/FlattenNormal.uasset" 105
"../../../Engine/Content/EngineMaterials/BlendFunc_DefBase.uasset" 106
"../../../Engine/Content/EngineMaterials/BlendFunc_DefBlend.uasset" 107
"../../../Engine/Content/Functions/Engine_MaterialFunctions03/Blends/Blend_Overlay.uasset" 108
"../../../Engine/Content/EngineVolumetrics/Fogsheet/Materials/T_EV_BlankWhite_01.uasset" 109
"../../../../../../Users/ununh/Documents/Unreal Projects/OneStickSummoner/Content/MSPresets/MSTextures/Albedo.uasset" 110
"../../../../../../Users/ununh/Documents/Unreal Projects/OneStickSummoner/Content/MSPresets/MSTextures/Normal.uasset" 111
"../../../../../../Users/ununh/Documents/Unreal Projects/OneStickSummoner/Content/MSPresets/MSTextures/Roughness.uasset" 112
"../../../../../../Users/ununh/Documents/Unreal Projects/OneStickSummoner/Content/MSPresets/MS_DefaultMaterial/MS_DefaultMaterial.uasset" 113
"../../../../../../Users/ununh/Documents/Unreal Projects/OneStickSummoner/Content/Megascans/Surfaces/Cracked_Beach_Rock_2x2_M_00/uegnbfus_2K_Albedo.uasset" 114
"../../../../../../Users/ununh/Documents/Unreal Projects/OneStickSummoner/Content/Megascans/Surfaces/Cracked_Beach_Rock_2x2_M_00/uegnbfus_2K_Normal.uasset" 115
"../../../../../../Users/ununh/Documents/Unreal Projects/OneStickSummoner/Content/Megascans/Surfaces/Cracked_Beach_Rock_2x2_M_00/uegnbfus_2K_Roughness.uasset" 116
"../../../../../../Users/ununh/Documents/Unreal Projects/OneStickSummoner/Content/Megascans/Surfaces/Cracked_Beach_Rock_2x2_M_00/Cracked_Beach_Rock_2x2_M_00_inst.uasset" 117
"../../../../../../Users/ununh/Documents/Unreal Projects/OneStickSummoner/Content/Megascans/Surfaces/Cracked_Beach_Rock_2x2_M_00/uegnbfus_2K_AO.uasset" 118
"../../../../../../Users/ununh/Documents/Unreal Projects/OneStickSummoner/Content/Megascans/Surfaces/Cracked_Beach_Rock_2x2_M_00/uegnbfus_2K_Displacement.uasset" 119
"../../../../../../Users/ununh/Documents/Unreal Projects/OneStickSummoner/Content/Megascans/Surfaces/Mossy_Pavement_2x2_M_00/ucghfh0kw_2K_Albedo.uasset" 120
"../../../../../../Users/ununh/Documents/Unreal Projects/OneStickSummoner/Content/Megascans/Surfaces/Mossy_Pavement_2x2_M_00/ucghfh0kw_2K_Normal.uasset" 121
"../../../../../../Users/ununh/Documents/Unreal Projects/OneStickSummoner/Content/Megascans/Surfaces/Mossy_Pavement_2x2_M_00/ucghfh0kw_2K_Roughness.uasset" 122
"../../../../../../Users/ununh/Documents/Unreal Projects/OneStickSummoner/Content/Megascans/Surfaces/Mossy_Pavement_2x2_M_00/Mossy_Pavement_2x2_M_00_inst.uasset" 123
"../../../../../../Users/ununh/Documents/Unreal Projects/OneStickSummoner/Content/Megascans/Surfaces/Mossy_Pavement_2x2_M_00/ucghfh0kw_2K_AO.uasset" 124
"../../../../../../Users/ununh/Documents/Unreal Projects/OneStickSummoner/Content/Megascans/Surfaces/Mossy_Pavement_2x2_M_00/ucghfh0kw_2K_Displacement.uasset" 125
"../../../../../../Users/ununh/Documents/Unreal Projects/OneStickSummoner/Content/Megascans/Surfaces/Mossy_Stone_Wall_2x2_M_00/ubgjdffg_2K_Albedo.uasset" 126
"../../../../../../Users/ununh/Documents/Unreal Projects/OneStickSummoner/Content/Megascans/Surfaces/Mossy_Stone_Wall_2x2_M_00/ubgjdffg_2K_Normal.uasset" 127
"../../../../../../Users/ununh/Documents/Unreal Projects/OneStickSummoner/Content/Megascans/Surfaces/Mossy_Stone_Wall_2x2_M_00/ubgjdffg_2K_Roughness.uasset" 128
"../../../../../../Users/ununh/Documents/Unreal Projects/OneStickSummoner/Content/Megascans/Surfaces/Mossy_Stone_Wall_2x2_M_00/Mossy_Stone_Wall_2x2_M_00_inst.uasset" 129
"../../../../../../Users/ununh/Documents/Unreal Projects/OneStickSummoner/Content/Megascans/Surfaces/Mossy_Stone_Wall_2x2_M_00/ubgjdffg_2K_AO.uasset" 130
"../../../../../../Users/ununh/Documents/Unreal Projects/OneStickSummoner/Content/Megascans/Surfaces/Mossy_Stone_Wall_2x2_M_00/ubgjdffg_2K_Displacement.uasset" 131
"../../../../../../Users/ununh/Documents/Unreal Projects/OneStickSummoner/Content/Megascans/Surfaces/Yew_Bark_2x2_M_00/ubkmehzya_2K_AO.uasset" 132
"../../../../../../Users/ununh/Documents/Unreal Projects/OneStickSummoner/Content/Megascans/Surfaces/Yew_Bark_2x2_M_00/ubkmehzya_2K_Displacement.uasset" 133
"../../../../../../Users/ununh/Documents/Unreal Projects/OneStickSummoner/Content/Megascans/Surfaces/Yew_Bark_2x2_M_00/ubkmehzya_2K_Albedo.uasset" 134
"../../../../../../Users/ununh/Documents/Unreal Projects/OneStickSummoner/Content/Megascans/Surfaces/Yew_Bark_2x2_M_00/ubkmehzya_2K_Normal.uasset" 135
"../../../../../../Users/ununh/Documents/Unreal Projects/OneStickSummoner/Content/Megascans/Surfaces/Yew_Bark_2x2_M_00/ubkmehzya_2K_Roughness.uasset" 136
"../../../../../../Users/ununh/Documents/Unreal Projects/OneStickSummoner/Content/Megascans/Surfaces/Yew_Bark_2x2_M_00/Yew_Bark_2x2_M_00_inst.uasset" 137
"../../../../../../Users/ununh/Documents/Unreal Projects/OneStickSummoner/Content/MSPresets/MSTextures/AO.uasset" 138
"../../../../../../Users/ununh/Documents/Unreal Projects/OneStickSummoner/Content/MSPresets/MSTextures/Displacement.uasset" 139
"../../../../../../Users/ununh/Documents/Unreal Projects/OneStickSummoner/Content/MSPresets/MSTextures/Metalness.uasset" 140
"../../../../../../Users/ununh/Documents/Unreal Projects/OneStickSummoner/Content/MSPresets/MSTextures/noise_mask.uasset" 141
"../../../../../../Users/ununh/Documents/Unreal Projects/OneStickSummoner/Content/MSPresets/MSTextures/noise_normal.uasset" 142
"../../../../../../Users/ununh/Documents/Unreal Projects/OneStickSummoner/Content/Test/MapGeneration/Test1/Corridor.uasset" 143
"../../../../../../Users/ununh/Documents/Unreal Projects/OneStickSummoner/Content/Test/MapGeneration/Test1/FloorMesh.uasset" 144
"../../../../../../Users/ununh/Documents/Unreal Projects/OneStickSummoner/Content/Test/MapGeneration/Test1/FloorTest.uasset" 145
"../../../../../../Users/ununh/Documents/Unreal Projects/OneStickSummoner/Content/Test/MapGeneration/Test1/StaticMesh.uasset" 146
"../../../../../../Users/ununh/Documents/Unreal Projects/OneStickSummoner/Content/Test/MapGeneration/Test1/StreamActor.uasset" 147
"../../../../../../Users/ununh/Documents/Unreal Projects/OneStickSummoner/Content/Test/MapGeneration/StreamActor.uasset" 148
"../../../../../../Users/ununh/Documents/Unreal Projects/OneStickSummoner/Content/Test/MapGeneration/Test1/TestLevel2.uasset" 149
"../../../../../../Users/ununh/Documents/Unreal Projects/OneStickSummoner/Content/Test/MapGeneration/Test2/PlayerInterface.uasset" 150
"../../../../../../Users/ununh/Documents/Unreal Projects/OneStickSummoner/Content/Test/Models/Material.uasset" 151
"../../../../../../Users/ununh/Documents/Unreal Projects/OneStickSummoner/Content/Test/Models/test_3_heads__1_.uasset" 152
"../../../../../../Users/ununh/Documents/Unreal Projects/OneStickSummoner/Content/Test/MapGeneration/Test2/test_3_heads__1_.uasset" 153
"../../../../../../Users/ununh/Documents/Unreal Projects/OneStickSummoner/Content/Test/Models/test_4_heads__1_.uasset" 154
"../../../../../../Users/ununh/Documents/Unreal Projects/OneStickSummoner/Content/Test/MapGeneration/Test2/test_4_heads__1_.uasset" 155
"../../../../../../Users/ununh/Documents/Unreal Projects/OneStickSummoner/Content/Test/Models/test_5_heads__1_.uasset" 156
"../../../../../../Users/ununh/Documents/Unreal Projects/OneStickSummoner/Content/Test/MapGeneration/Test2/test_5_heads__1_.uasset" 157
"../../../../../../Users/ununh/Documents/Unreal Projects/OneStickSummoner/Content/TwinStick/Meshes/TwinStickUFO.uasset" 158
"../../../../../../Users/ununh/Documents/Unreal Projects/OneStickSummoner/Content/TwinStickBP/TwinStickOverview.uasset" 159
"../../../../../../Users/ununh/Documents/Unreal Projects/OneStickSummoner/Content/Blueprints/BP_Gameplay/BP_Player/TwinStickGameMode.uasset" 160
"../../../../../../Users/ununh/Documents/Unreal Projects/OneStickSummoner/Content/TwinStickBP/Blueprints/TwinStickGameMode.uasset" 161
"../../../../../../Users/ununh/Documents/Unreal Projects/OneStickSummoner/Content/TwinStickBP/Blueprints/TwinStickProjectile.uasset" 162
"../../../Engine/Content/Animation/DefaultAnimCurveCompressionSettings.uasset" 163
"../../../Engine/Content/ArtTools/RenderToTexture/Meshes/S_1_Unit_Plane.uasset" 164
"../../../Engine/Content/EngineMaterials/DefaultMaterial.uasset" 165
"../../../Engine/Content/BasicShapes/Cone.uasset" 166
"../../../Engine/Content/BasicShapes/Cylinder.uasset" 167
"../../../Engine/Content/BasicShapes/Plane.uasset" 168
"../../../Engine/Content/BasicShapes/Sphere.uasset" 169
"../../../Engine/Content/EditorLandscapeResources/DataLayer.uasset" 170
"../../../Engine/Content/EditorMaterials/GizmoMaterial.uasset" 171
"../../../Engine/Content/EditorMaterials/MAT_Groups_Toggle.uasset" 172
"../../../Engine/Content/EditorMaterials/MAT_Groups_Visibility.uasset" 173
"../../../Engine/Content/EditorMaterials/PreviewShadowIndicator.uasset" 174
"../../../Engine/Content/EditorMaterials/PreviewShadowIndicatorMaterial.uasset" 175
"../../../Engine/Content/EditorMaterials/MatineeGroups/MAT_ColorTrack.uasset" 176
"../../../Engine/Content/EditorMaterials/MatineeGroups/MAT_Groups_Anim.uasset" 177
"../../../Engine/Content/EditorMaterials/MatineeGroups/MAT_Groups_AudioMaster.uasset" 178
"../../../Engine/Content/EditorMaterials/MatineeGroups/MAT_Groups_Director.uasset" 179
"../../../Engine/Content/EditorMaterials/MatineeGroups/MAT_Groups_Event.uasset" 180
"../../../Engine/Content/EditorMaterials/MatineeGroups/MAT_Groups_Fade.uasset" 181
"../../../Engine/Content/EditorMaterials/MatineeGroups/MAT_Groups_Float.uasset" 182
"../../../Engine/Content/EditorMaterials/MatineeGroups/MAT_Groups_Move.uasset" 183
"../../../Engine/Content/EditorMaterials/MatineeGroups/MAT_Groups_Slomo.uasset" 184
"../../../Engine/Content/EditorMaterials/MatineeGroups/MAT_Groups_Sound.uasset" 185
"../../../Engine/Content/EditorMaterials/MatineeGroups/MAT_Groups_Vector.uasset" 186
"../../../Engine/Content/EditorMaterials/ParticleSystems/PSysThumbnail_NoImage.uasset" 187
"../../../Engine/Content/EditorMaterials/ParticleSystems/PSysThumbnail_OOD.uasset" 188
"../../../Engine/Content/EditorMaterials/Camera/CineMat.uasset" 189
"../../../Engine/Content/EditorMaterials/Camera/MI_CineMat_Rig.uasset" 190
"../../../Engine/Content/EditorMeshes/Camera/SM_CraneRig_Arm.uasset" 191
"../../../Engine/Content/EditorMeshes/Camera/SM_CraneRig_Base.uasset" 192
"../../../Engine/Content/EditorMeshes/Camera/SM_CraneRig_Body.uasset" 193
"../../../Engine/Content/EditorMeshes/Camera/SM_CraneRig_Mount.uasset" 194
"../../../Engine/Content/EditorMeshes/Camera/SM_RailRig_Mount.uasset" 195
"../../../Engine/Content/EditorMeshes/Camera/SM_RailRig_Track.uasset" 196
"../../../Engine/Content/EditorResources/BSPVertex.uasset" 197
"../../../Engine/Content/EditorResources/EmptyActor.uasset" 198
"../../../Engine/Content/EditorResources/S_Actor.uasset" 199
"../../../Engine/Content/EditorResources/S_Note.uasset" 200
"../../../Engine/Content/EditorResources/S_Solver.uasset" 201
"../../../Engine/Content/EditorResources/S_Trigger.uasset" 202
"../../../Engine/Content/EditorResources/LightIcons/S_LightError.uasset" 203
"../../../Engine/Content/EditorResources/SequenceRecorder/Countdown.uasset" 204
"../../../Engine/Content/EditorResources/SequenceRecorder/RecordingIndicator.uasset" 205
"../../../Engine/Content/EditorSounds/Notifications/CompileFailed.uasset" 206
"../../../Engine/Content/EditorSounds/Notifications/CompileFailed_Cue.uasset" 207
"../../../Engine/Content/EditorSounds/Notifications/CompileSuccess.uasset" 208
"../../../Engine/Content/EditorSounds/Notifications/CompileStart_Cue.uasset" 209
"../../../Engine/Content/EditorSounds/Notifications/CompileSuccess_Cue.uasset" 210
"../../../Engine/Content/EngineDamageTypes/DmgTypeBP_Environmental.uasset" 211
"../../../Engine/Content/EngineDebugMaterials/HeatmapGradient.uasset" 212
"../../../Engine/Content/EngineDebugMaterials/BoneWeightMaterial.uasset" 213
"../../../Engine/Content/EngineDebugMaterials/ClothMaterial.uasset" 214
"../../../Engine/Content/EngineDebugMaterials/ClothMaterial_WF.uasset" 215
"../../../Engine/Content/EngineDebugMaterials/DebugEditorMaterial.uasset" 216
"../../../Engine/Content/EngineDebugMaterials/DebugMeshMaterial.uasset" 217
"../../../Engine/Content/EngineDebugMaterials/GeomMaterial.uasset" 218
"../../../Engine/Content/EngineDebugMaterials/M_SimpleTranslucent.uasset" 219
"../../../Engine/Content/Functions/Engine_MaterialFunctions02/Utility/CameraDirectionVector.uasset" 220
"../../../Engine/Content/EngineDebugMaterials/VolumeToRender.uasset" 221
"../../../Engine/Content/EngineDebugMaterials/M_VolumeRenderSphereTracePP.uasset" 222
"../../../Engine/Content/EngineDebugMaterials/WireframeMaterial.uasset" 223
"../../../Engine/Content/EngineFonts/Faces/RobotoBold.uasset" 224
"../../../Engine/Content/EngineFonts/Faces/RobotoBoldItalic.uasset" 225
"../../../Engine/Content/EngineFonts/Faces/RobotoItalic.uasset" 226
"../../../Engine/Content/EngineFonts/Faces/RobotoLight.uasset" 227
"../../../Engine/Content/EngineFonts/Faces/RobotoRegular.uasset" 228
"../../../Engine/Content/EngineFonts/Roboto.uasset" 229
"../../../Engine/Content/EngineMaterials/BaseFlattenMaterial.uasset" 230
"../../../Engine/Content/EngineMaterials/BlueNoise.uasset" 231
"../../../Engine/Content/EngineMaterials/DefaultBloomKernel.uasset" 232
"../../../Engine/Content/EngineMaterials/DefaultBokeh.uasset" 233
"../../../Engine/Content/EngineMaterials/DefaultDiffuse.uasset" 234
"../../../Engine/Content/EngineMaterials/DefaultDeferredDecalMaterial.uasset" 235
"../../../Engine/Content/EngineMaterials/DefaultLightFunctionMaterial.uasset" 236
"../../../Engine/Content/EngineMaterials/DefaultPhysicalMaterial.uasset" 237
"../../../Engine/Content/Functions/Engine_MaterialFunctions02/Utility/BreakOutFloat2Components.uasset" 238
"../../../Engine/Content/EngineMaterials/DefaultPostProcessMaterial.uasset" 239
"../../../Engine/Content/EngineFonts/RobotoDistanceField.uasset" 240
"../../../Engine/Content/EngineMaterials/DefaultTextMaterialOpaque.uasset" 241
"../../../Engine/Content/EngineMaterials/DefaultVirtualTextureMaterial.uasset" 242
"../../../Engine/Content/EngineMaterials/DefaultWhiteGrid.uasset" 243
"../../../Engine/Content/EngineMaterials/EditorBrushMaterial.uasset" 244
"../../../Engine/Content/EngineMaterials/DefaultWhiteGrid_Low.uasset" 245
"../../../Engine/Content/EngineMaterials/EmissiveMeshMaterial.uasset" 246
"../../../Engine/Content/EngineMaterials/Good64x64TilingNoiseHighFreq.uasset" 247
"../../../Engine/Content/EngineMaterials/MiniFont.uasset" 248
"../../../Engine/Content/EngineMaterials/InvalidLightmapSettings.uasset" 249
"../../../Engine/Content/EngineMaterials/M_InvalidLightmapSettings.uasset" 250
"../../../Engine/Content/Functions/Engine_MaterialFunctions02/WorldPositionOffset/CameraOffset.uasset" 251
"../../../Engine/Content/EngineMaterials/PhAT_JointLimitMaterial.uasset" 252
"../../../Engine/Content/EngineMaterials/PreintegratedSkinBRDF.uasset" 253
"../../../Engine/Content/EngineMaterials/RemoveSurfaceMaterial.uasset" 254
"../../../Engine/Content/EngineMaterials/WeightMapPlaceholderTexture.uasset" 255
"../../../Engine/Content/EngineResources/WhiteSquareTexture.uasset" 256
"../../../Engine/Content/EngineMaterials/Widget3DPassThrough.uasset" 257
"../../../Engine/Content/EngineMaterials/Widget3DPassThrough_Masked.uasset" 258
"../../../Engine/Content/EngineMaterials/Widget3DPassThrough_Opaque.uasset" 259
"../../../Engine/Content/EngineMaterials/Widget3DPassThrough_Masked_OneSided.uasset" 260
"../../../Engine/Content/EngineMaterials/Widget3DPassThrough_Opaque_OneSided.uasset" 261
"../../../Engine/Content/EngineMaterials/Widget3DPassThrough_Translucent.uasset" 262
"../../../Engine/Content/EngineMaterials/Widget3DPassThrough_Translucent_OneSided.uasset" 263
"../../../Engine/Content/EngineMeshes/Cylinder.uasset" 264
"../../../Engine/Content/EngineMeshes/Sphere.uasset" 265
"../../../Engine/Content/EngineResources/Black.uasset" 266
"../../../Engine/Content/EngineResources/DefaultTexture.uasset" 267
"../../../Engine/Content/EngineResources/DefaultTextureCube.uasset" 268
"../../../Engine/Content/EngineResources/DefaultVolumeTexture2D.uasset" 269
"../../../Engine/Content/EngineResources/DefaultVolumeTexture.uasset" 270
"../../../Engine/Content/EngineResources/GradientTexture0.uasset" 271
"../../../Engine/Content/EngineSounds/Master.uasset" 272
"../../../Engine/Content/Functions/Engine_MaterialFunctions01/Shading/ConvertFromDiffSpec.uasset" 273
"../../../Engine/Content/Functions/Engine_MaterialFunctions01/Shading/PowerToRoughness.uasset" 274
"../../../Engine/Content/Maps/Templates/Thumbnails/Default.uasset" 275
"../../../Engine/Content/Maps/Templates/Thumbnails/VR-Basic.uasset" 276
"../../../Engine/Content/MobileResources/T_MobileControls_texture.uasset" 277
"../../../Engine/Content/MobileResources/T_MobileMenu2.uasset" 278
"../../../Engine/Content/MobileResources/HUD/AnalogHat.uasset" 279
"../../../Engine/Content/MobileResources/HUD/VirtualJoystick_Background.uasset" 280
"../../../Engine/Content/MobileResources/HUD/VirtualJoystick_Thumb.uasset" 281
"../../../Engine/Content/MobileResources/HUD/DefaultVirtualJoysticks.uasset" 282
"../../../Engine/Content/MobileResources/HUD/MobileHUDButton1_off.uasset" 283
"../../../Engine/Content/MobileResources/HUD/MobileHUDButton1_on.uasset" 284
"../../../Engine/Content/MobileResources/HUD/MobileHUDButton2_off.uasset" 285
"../../../Engine/Content/MobileResources/HUD/MobileHUDButton2_on.uasset" 286
"../../../Engine/Content/MobileResources/HUD/MobileHUDButton3.uasset" 287
"../../../Engine/Content/MobileResources/HUD/MobileHUDButtonFire.uasset" 288
"../../../Engine/Content/MobileResources/HUD/MobileHUDDirectionPad.uasset" 289
"../../../Engine/Content/MobileResources/HUD/MobileHUDDirectionPad2.uasset" 290
"../../../Engine/Content/MobileResources/HUD/MobileHUDDirectionPad3.uasset" 291
"../../../Engine/Content/MobileResources/HUD/MobileHUDDirectionStick.uasset" 292
"../../../Engine/Content/MobileResources/HUD/RightVirtualJoystickOnly.uasset" 293
"../../../Engine/Content/MobileResources/HUD/T_Castle_ThumbstickInner.uasset" 294
"../../../Engine/Content/MobileResources/HUD/T_Castle_ThumbstickOutter.uasset" 295
"../../../Engine/Content/Tutorial/ContentIntroCurve.uasset" 296
"../../../Engine/Content/Tutorial/Basics/LevelEditorAttract.uasset" 297
"../../../Engine/Content/Tutorial/Basics/TutorialAssets/icon_tab_Levels_40x.uasset" 298
"../../../Engine/Content/Tutorial/Basics/LevelEditorOverview.uasset" 299
"../../../Engine/Content/VREditor/LaserPointer/VR_LaserPower_01.uasset" 300
"../../../Engine/Content/VREditor/TransformGizmo/TransformGizmoMaterial.uasset" 301
"../../../Engine/Content/VREditor/TransformGizmo/TranslucentTransformGizmoMaterial.uasset" 302
"../../../Engine/Content/VREditor/TransformGizmo/BoundingBoxCorner.uasset" 303
"../../../Engine/Content/VREditor/TransformGizmo/BoundingBoxEdge.uasset" 304
"../../../Engine/Content/VREditor/TransformGizmo/PlaneTranslationHandle.uasset" 305
"../../../Engine/Content/VREditor/TransformGizmo/Main.uasset" 306
"../../../Engine/Content/VREditor/TransformGizmo/Xray.uasset" 307
"../../../Engine/Content/VREditor/TransformGizmo/SM_Sequencer_Key.uasset" 308
"../../../Engine/Content/VREditor/TransformGizmo/SM_Sequencer_Node.uasset" 309
"../../Plugins/2D/Paper2D/Content/PlaceholderTextures/DummySpriteTexture.uasset" 310
"../../Plugins/2D/Paper2D/Content/DummySprite.uasset" 311
"../../Plugins/2D/Paper2D/Content/DefaultPaperTerrainMaterial.uasset" 312
"../../Plugins/2D/Paper2D/Content/DummySpriteTexture.uasset" 313
"../../Plugins/2D/Paper2D/Content/DefaultSpriteMaterial.uasset" 314
"../../Plugins/2D/Paper2D/Content/MaskedUnlitSpriteMaterial.uasset" 315
"../../Plugins/2D/Paper2D/Content/OpaqueUnlitSpriteMaterial.uasset" 316
"../../../../../../Users/ununh/Documents/Unreal Projects/OneStickSummoner/Content/Test/MapGeneration/Test2/EntranceAnchor.uasset" 317
"../../../../../../Users/ununh/Documents/Unreal Projects/OneStickSummoner/Content/Test/MapGeneration/Test2/ExitAnchor.uasset" 318
"../../../../../../Users/ununh/Documents/Unreal Projects/OneStickSummoner/Content/Test/MapGeneration/Test2/InvisibleWall.uasset" 319
"../../../../../../Users/ununh/Documents/Unreal Projects/OneStickSummoner/Content/Test/MapGeneration/Test2/RoomInterfaces.uasset" 320
"../../../../../../Users/ununh/Documents/Unreal Projects/OneStickSummoner/Content/Blueprints/BP_Widgets/BP_BossSkull.uasset" 321
"../../../../../../Users/ununh/Documents/Unreal Projects/OneStickSummoner/Content/Test/MapGeneration/Test2/testPillar.uasset" 322
"../../../../../../Users/ununh/Documents/Unreal Projects/OneStickSummoner/Content/Test/MapGeneration/Test2/testPillar1.uasset" 323
"../../../../../../Users/ununh/Documents/Unreal Projects/OneStickSummoner/Content/Test/MapGeneration/Test2/RoomManager.uasset" 324
"../../../../../../Users/ununh/Documents/Unreal Projects/OneStickSummoner/Content/Test/MapGeneration/Test2/Maps/Corridor.umap" 325
"../../../../../../Users/ununh/Documents/Unreal Projects/OneStickSummoner/Content/Blueprints/BP_Widgets/WB_LoadingScreen.uasset" 326
"../../../../../../Users/ununh/Documents/Unreal Projects/OneStickSummoner/Content/Blueprints/BP_Widgets/WB_MainMenu.uasset" 327
"../../../../../../Users/ununh/Documents/Unreal Projects/OneStickSummoner/Content/Test/MapGeneration/Test2/Maps/MainMenu.umap" 328
"../../../../../../Users/ununh/Documents/Unreal Projects/OneStickSummoner/Content/Test/MapGeneration/Test2/Maps/PersistentMap_BuiltData.uasset" 329
"../../../../../../Users/ununh/Documents/Unreal Projects/OneStickSummoner/Content/Blueprints/BP_Widgets/button.uasset" 330
"../../../../../../Users/ununh/Documents/Unreal Projects/OneStickSummoner/Content/Blueprints/BP_Widgets/WB_Button.uasset" 331
"../../../../../../Users/ununh/Documents/Unreal Projects/OneStickSummoner/Content/Blueprints/BP_Widgets/WB_HUD.uasset" 332
"../../../../../../Users/ununh/Documents/Unreal Projects/OneStickSummoner/Content/Test/MapGeneration/Test2/Maps/PersistentMap.umap" 333
"../../../../../../Users/ununh/Documents/Unreal Projects/OneStickSummoner/Content/Test/MapGeneration/Test2/Maps/Room0.umap" 334
"../../../../../../Users/ununh/Documents/Unreal Projects/OneStickSummoner/Content/Test/MapGeneration/Test2/Maps/Room1.umap" 335
"../../../../../../Users/ununh/Documents/Unreal Projects/OneStickSummoner/Content/Test/MapGeneration/Test2/Maps/Room2.umap" 336
"../../../../../../Users/ununh/Documents/Unreal Projects/OneStickSummoner/Content/Test/MapGeneration/Test2/Maps/Room3.umap" 337
"../../../../../../Users/ununh/Documents/Unreal Projects/OneStickSummoner/Content/Test/MapGeneration/Test2/Maps/Room4.umap" 338
"../../../../../../Users/ununh/Documents/Unreal Projects/OneStickSummoner/Content/Geometry/Meshes/1M_Cube.uasset" 339
"../../../../../../Users/ununh/Documents/Unreal Projects/OneStickSummoner/Content/Blueprints/BP_Gameplay/BP_Inventory/BP_Items/BP_Sword.uasset" 340
"../../../../../../Users/ununh/Documents/Unreal Projects/OneStickSummoner/Content/Test/MapGeneration/Test2/Maps/RoomStart_BuiltData.uasset" 341
"../../../../../../Users/ununh/Documents/Unreal Projects/OneStickSummoner/Content/Test/MapGeneration/Test2/Maps/RoomStart.umap" 342
"../../../Engine/Content/EngineSky/C_Sky_Cloud_Color.uasset" 343
"../../../Engine/Content/EngineSky/C_Sky_Horizon_Color.uasset" 344
"../../../Engine/Content/EngineSky/C_Sky_Zenith_Color.uasset" 345
"../../../Engine/Content/EngineSky/T_Sky_Blue.uasset" 346
"../../../Engine/Content/EngineSky/T_Sky_Clouds_M.uasset" 347
"../../../Engine/Content/EngineSky/T_Sky_Stars.uasset" 348
"../../../Engine/Content/EngineSky/M_Sky_Panning_Clouds2.uasset" 349
"../../../Engine/Content/EngineSky/SM_SkySphere.uasset" 350
"../../../Engine/Content/EngineSky/BP_Sky_Sphere.uasset" 351
"../../../../../../Users/ununh/Documents/Unreal Projects/OneStickSummoner/Content/TwinStickBP/Maps/TwinStickExampleMap_BuiltData.uasset" 352
"../../../Engine/Content/Functions/Engine_MaterialFunctions03/Procedurals/ComputeFilterWidth.uasset" 353
"../../../Engine/Content/EngineMaterials/AntiAliasedTextMaterialTranslucent.uasset" 354
"../../../../../../Users/ununh/Documents/Unreal Projects/OneStickSummoner/Content/TwinStickBP/Maps/TwinStickExampleMap.umap" 355
"../../../Engine/Content/Maps/Entry_BuiltData.uasset" 356
"../../../Engine/Content/Maps/Entry.umap" 357
